<?xml version="1.0" encoding="UTF-8" ?>
<testsuite errors="0" failures="1" hostname="C01-DAT0099" name="com.junit.teastcase.TestLogic" skipped="0" tests="1" time="0.074" timestamp="2017-07-14T08:31:10">
  <properties>
    <property name="java.vendor" value="Oracle Corporation" />
    <property name="env.RUN_DISPLAY_URL" value="http://localhost:8080/job/MyJunitTest/39/display/redirect" />
    <property name="env.JENKINS_SERVER_COOKIE" value="fc55a84824b31c3e" />
    <property name="ant.file.type.junitexe" value="file" />
    <property name="sun.java.launcher" value="SUN_STANDARD" />
    <property name="sun.management.compiler" value="HotSpot 64-Bit Tiered Compilers" />
    <property name="env.BASE" value="C:\Program Files (x86)\Jenkins" />
    <property name="env.PROMPT" value="$P$G" />
    <property name="os.name" value="Windows 7" />
    <property name="env.FP_NO_HOST_CHECK" value="NO" />
    <property name="sun.boot.class.path" value="C:\Program Files\Java\jdk1.8.0_25\jre\lib\resources.jar;C:\Program Files\Java\jdk1.8.0_25\jre\lib\rt.jar;C:\Program Files\Java\jdk1.8.0_25\jre\lib\sunrsasign.jar;C:\Program Files\Java\jdk1.8.0_25\jre\lib\jsse.jar;C:\Program Files\Java\jdk1.8.0_25\jre\lib\jce.jar;C:\Program Files\Java\jdk1.8.0_25\jre\lib\charsets.jar;C:\Program Files\Java\jdk1.8.0_25\jre\lib\jfr.jar;C:\Program Files\Java\jdk1.8.0_25\jre\classes" />
    <property name="env.COMPUTERNAME" value="C01-DAT0099" />
    <property name="env.JOB_DISPLAY_URL" value="http://localhost:8080/job/MyJunitTest/display/redirect" />
    <property name="env.CommonProgramW6432" value="C:\Program Files\Common Files" />
    <property name="env.ALLUSERSPROFILE" value="C:\ProgramData" />
    <property name="sun.desktop" value="windows" />
    <property name="java.vm.specification.vendor" value="Oracle Corporation" />
    <property name="ant.home" value="C:\Program Files (x86)\apache-ant-1.10.1" />
    <property name="java.runtime.version" value="1.8.0_25-b18" />
    <property name="env.BUILD_DISPLAY_NAME" value="#39" />
    <property name="user.name" value="C01-DAT0099$" />
    <property name="user.language" value="en" />
    <property name="env.windows_tracing_flags" value="3" />
    <property name="sun.boot.library.path" value="C:\Program Files\Java\jdk1.8.0_25\jre\bin" />
    <property name="ant.project.default-target" value="build" />
    <property name="ant.project.name" value="junitexe" />
    <property name="java.version" value="1.8.0_25" />
    <property name="env.PROCESSOR_IDENTIFIER" value="Intel64 Family 6 Model 37 Stepping 5, GenuineIntel" />
    <property name="user.timezone" value="Asia/Rangoon" />
    <property name="env.NODE_NAME" value="master" />
    <property name="env.TEMP" value="C:\Windows\TEMP" />
    <property name="sun.arch.data.model" value="64" />
    <property name="java.endorsed.dirs" value="C:\Program Files\Java\jdk1.8.0_25\jre\lib\endorsed" />
    <property name="env._JAVACMD" value="C:\Program Files\Java\jdk1.8.0_25\bin\java.exe" />
    <property name="sun.cpu.isalist" value="amd64" />
    <property name="env.JOB_BASE_NAME" value="MyJunitTest" />
    <property name="sun.jnu.encoding" value="Cp1252" />
    <property name="file.encoding.pkg" value="sun.io" />
    <property name="ECLIPSE_HOME" value="D:/eclipse_kepler_sr2(NEW)" />
    <property name="file.separator" value="\" />
    <property name="java.specification.name" value="Java Platform API Specification" />
    <property name="java.class.version" value="52.0" />
    <property name="ant.file.junitexe" value="C:\workspace\MyJunitTest\build.xml" />
    <property name="user.country" value="US" />
    <property name="env.BUILD_NUMBER" value="39" />
    <property name="java.home" value="C:\Program Files\Java\jdk1.8.0_25\jre" />
    <property name="env.PSModulePath" value="C:\Windows\system32\WindowsPowerShell\v1.0\Modules\" />
    <property name="env.APPDATA" value="C:\Windows\system32\config\systemprofile\AppData\Roaming" />
    <property name="env.PUBLIC" value="C:\Users\Public" />
    <property name="env.windows_tracing_logfile" value="C:\BVTBin\Tests\installpackage\csilogfile.log" />
    <property name="java.vm.info" value="mixed mode" />
    <property name="env.ComSpec" value="C:\Windows\system32\cmd.exe" />
    <property name="env.OS" value="Windows_NT" />
    <property name="env.CommonProgramFiles" value="C:\Program Files\Common Files" />
    <property name="ant.file" value="C:\workspace\MyJunitTest\build.xml" />
    <property name="os.version" value="6.1" />
    <property name="env.ProgramW6432" value="C:\Program Files" />
    <property name="env._USE_CLASSPATH" value="no" />
    <property name="env.HUDSON_COOKIE" value="b615fc2c-e550-46e0-b15a-b76e169e5d66" />
    <property name="path.separator" value=";" />
    <property name="java.vm.version" value="25.25-b02" />
    <property name="user.variant" value="" />
    <property name="env.USERPROFILE" value="C:\Windows\system32\config\systemprofile" />
    <property name="ant.library.dir" value="C:\Program Files (x86)\apache-ant-1.10.1\lib" />
    <property name="junit.output.dir" value="junit" />
    <property name="env.RUN_CHANGES_DISPLAY_URL" value="http://localhost:8080/job/MyJunitTest/39/display/redirect?page=changes" />
    <property name="env.JOB_NAME" value="MyJunitTest" />
    <property name="env.JAVA_HOME" value="C:\Program Files\Java\jdk1.8.0_25" />
    <property name="java.awt.printerjob" value="sun.awt.windows.WPrinterJob" />
    <property name="env.TMP" value="C:\Windows\TEMP" />
    <property name="env.WINSW_EXECUTABLE" value="C:\Program Files (x86)\Jenkins\jenkins.exe" />
    <property name="env.SERVICE_ID" value="Jenkins" />
    <property name="sun.io.unicode.encoding" value="UnicodeLittle" />
    <property name="awt.toolkit" value="sun.awt.windows.WToolkit" />
    <property name="user.script" value="" />
    <property name="env.HUDSON_URL" value="http://localhost:8080/" />
    <property name="env.BUILD_TAG" value="jenkins-MyJunitTest-39" />
    <property name="user.home" value="C:\Windows\system32\config\systemprofile" />
    <property name="target" value="1.7" />
    <property name="env.JENKINS_HOME" value="C:\Program Files (x86)\Jenkins" />
    <property name="env.ProgramData" value="C:\ProgramData" />
    <property name="env.JOB_URL" value="http://localhost:8080/job/MyJunitTest/" />
    <property name="env.ProgramFiles(x86)" value="C:\Program Files (x86)" />
    <property name="java.specification.vendor" value="Oracle Corporation" />
    <property name="java.vendor.url" value="http://java.oracle.com/" />
    <property name="env.NUMBER_OF_PROCESSORS" value="4" />
    <property name="java.library.path" value="C:\Program Files\Java\jdk1.8.0_25\jre\bin;C:\Windows\Sun\Java\bin;C:\Windows\system32;C:\Windows;C:\Program Files\Java\jdk1.8.0_25/bin;C:\Program Files (x86)\apache-ant-1.10.1/bin;C:\Program Files\Java\jdk1.8.0_25/bin;C:\Program Files\Java\jdk1.8.0_25\bin;C:\Program Files (x86)\apache-ant-1.10.1\bin;;." />
    <property name="env.HUDSON_HOME" value="C:\Program Files (x86)\Jenkins" />
    <property name="java.vm.vendor" value="Oracle Corporation" />
    <property name="env.HUDSON_SERVER_COOKIE" value="fc55a84824b31c3e" />
    <property name="java.runtime.name" value="Java(TM) SE Runtime Environment" />
    <property name="sun.java.command" value="org.apache.tools.ant.taskdefs.optional.junit.JUnitTestRunner com.junit.teastcase.TestLogic skipNonTests=false filtertrace=true haltOnError=false haltOnFailure=false formatter=org.apache.tools.ant.taskdefs.optional.junit.OutErrSummaryJUnitResultFormatter showoutput=false outputtoformatters=true logfailedtests=true threadid=0 logtestlistenerevents=false formatter=org.apache.tools.ant.taskdefs.optional.junit.XMLJUnitResultFormatter,C:\workspace\MyJunitTest\junit\TEST-com.junit.teastcase.TestLogic.xml crashfile=C:\workspace\MyJunitTest\junitvmwatcher7554598999479963305.properties propsfile=C:\workspace\MyJunitTest\junit3110943454780601380.properties" />
    <property name="ant.version" value="Apache Ant(TM) version 1.10.1 compiled on February 2 2017" />
    <property name="java.class.path" value="C:\workspace\MyJunitTest\bin;D:\eclipse_kepler_sr2(NEW)\plugins\org.junit_4.11.0.v201303080030\junit.jar;D:\eclipse_kepler_sr2(NEW)\plugins\org.hamcrest.core_1.3.0.v201303031735.jar;C:\Program Files (x86)\apache-ant-1.10.1\lib\ant-launcher.jar;C:\Program Files (x86)\apache-ant-1.10.1\lib\ant.jar;C:\Program Files (x86)\apache-ant-1.10.1\lib\ant-junit.jar;C:\Program Files (x86)\apache-ant-1.10.1\lib\ant-junit4.jar" />
    <property name="env.EXECUTOR_NUMBER" value="0" />
    <property name="java.vm.specification.name" value="Java Virtual Machine Specification" />
    <property name="env.WINSW_SERVICE_ID" value="Jenkins" />
    <property name="ant.file.type" value="file" />
    <property name="env.windir" value="C:\Windows" />
    <property name="env.PROCESSOR_ARCHITECTURE" value="AMD64" />
    <property name="java.vm.specification.version" value="1.8" />
    <property name="sun.os.patch.level" value="Service Pack 1" />
    <property name="sun.cpu.endian" value="little" />
    <property name="debuglevel" value="source,lines,vars" />
    <property name="env.ProgramFiles" value="C:\Program Files" />
    <property name="env.ANT_HOME" value="C:\Program Files (x86)\apache-ant-1.10.1" />
    <property name="env.PROCESSOR_REVISION" value="2505" />
    <property name="java.io.tmpdir" value="C:\Windows\TEMP\" />
    <property name="env.BUILD_URL" value="http://localhost:8080/job/MyJunitTest/39/" />
    <property name="env.CommonProgramFiles(x86)" value="C:\Program Files (x86)\Common Files" />
    <property name="java.vendor.url.bug" value="http://bugreport.sun.com/bugreport/" />
    <property name="env.SystemRoot" value="C:\Windows" />
    <property name="os.arch" value="amd64" />
    <property name="env.ANT_CMD_LINE_ARGS" value=" -file build.xml junitreport" />
    <property name="java.awt.graphicsenv" value="sun.awt.Win32GraphicsEnvironment" />
    <property name="java.ext.dirs" value="C:\Program Files\Java\jdk1.8.0_25\jre\lib\ext;C:\Windows\Sun\Java\lib\ext" />
    <property name="user.dir" value="C:\workspace\MyJunitTest" />
    <property name="env.LOCALAPPDATA" value="C:\Windows\system32\config\systemprofile\AppData\Local" />
    <property name="env.BUILD_ID" value="39" />
    <property name="line.separator" value="&#xd;&#xa;" />
    <property name="env.JENKINS_URL" value="http://localhost:8080/" />
    <property name="java.vm.name" value="Java HotSpot(TM) 64-Bit Server VM" />
    <property name="env.PATHEXT" value=".COM;.EXE;.BAT;.CMD;.VBS;.VBE;.JS;.JSE;.WSF;.WSH;.MSC" />
    <property name="env.Path" value="C:\Program Files\Java\jdk1.8.0_25/bin;C:\Program Files (x86)\apache-ant-1.10.1/bin;C:\Program Files\Java\jdk1.8.0_25/bin;C:\Program Files\Java\jdk1.8.0_25\bin;C:\Program Files (x86)\apache-ant-1.10.1\bin;" />
    <property name="basedir" value="C:\workspace\MyJunitTest" />
    <property name="ant.java.version" value="1.8" />
    <property name="ant.core.lib" value="C:\Program Files (x86)\apache-ant-1.10.1\lib\ant.jar" />
    <property name="env.USERNAME" value="C01-DAT0099$" />
    <property name="env.SystemDrive" value="C:" />
    <property name="source" value="1.7" />
    <property name="file.encoding" value="Cp1252" />
    <property name="env.WORKSPACE" value="C:\workspace\MyJunitTest" />
    <property name="env.USERDOMAIN" value="DAT" />
    <property name="java.specification.version" value="1.8" />
    <property name="env.=C:" value="C:\workspace\MyJunitTest" />
    <property name="ant.project.invoked-targets" value="junitreport" />
    <property name="env.PROCESSOR_LEVEL" value="6" />
    <property name="env.NODE_LABELS" value="master" />
  </properties>
  <testcase classname="com.junit.teastcase.TestLogic" name="testFindMax" time="0.008">
    <failure message="expected:&lt;-1&gt; but was:&lt;0&gt;" type="junit.framework.AssertionFailedError">junit.framework.AssertionFailedError: expected:&lt;-1&gt; but was:&lt;0&gt;
	at com.junit.teastcase.TestLogic.testFindMax(TestLogic.java:12)
</failure>
  </testcase>
  <system-out><![CDATA[]]></system-out>
  <system-err><![CDATA[]]></system-err>
</testsuite>
